<?xml version="1.0" encoding="UTF-8"?>
<!-- Generated by org.testng.reporters.JUnitReportReporter -->
<testsuite hostname="alan-HP-Pavilion-dv4-Notebook-PC" name="mx.bbv.alertas.jms.RabbitMQTest" tests="1" failures="0" timestamp="11 Jun 2015 17:59:42 GMT" time="180.208" errors="0">
  <testcase name="pushAlertFileTest" time="180.208" classname="mx.bbv.alertas.jms.RabbitMQTest"/>
</testsuite>
